[debug] [2023-08-25T10:08:09.535Z] ----------------------------------------------------------------------
[debug] [2023-08-25T10:08:09.536Z] Command:       /usr/local/bin/node /usr/local/bin/firebase deploy --only functions
[debug] [2023-08-25T10:08:09.536Z] CLI Version:   12.5.2
[debug] [2023-08-25T10:08:09.536Z] Platform:      darwin
[debug] [2023-08-25T10:08:09.536Z] Node Version:  v18.17.1
[debug] [2023-08-25T10:08:09.537Z] Time:          Fri Aug 25 2023 17:08:09 GMT+0700 (Western Indonesia Time)
[debug] [2023-08-25T10:08:09.537Z] ----------------------------------------------------------------------
[debug] 
[debug] [2023-08-25T10:08:09.578Z] > command requires scopes: ["email","openid","https://www.googleapis.com/auth/cloudplatformprojects.readonly","https://www.googleapis.com/auth/firebase","https://www.googleapis.com/auth/cloud-platform"]
[debug] [2023-08-25T10:08:09.578Z] > authorizing via signed-in user (tiffarainever@gmail.com)
[debug] [2023-08-25T10:08:09.578Z] [iam] checking project qode-assignment for permissions ["cloudfunctions.functions.create","cloudfunctions.functions.delete","cloudfunctions.functions.get","cloudfunctions.functions.list","cloudfunctions.functions.update","cloudfunctions.operations.get","firebase.projects.get"]
[debug] [2023-08-25T10:08:09.579Z] >>> [apiv2][query] POST https://cloudresourcemanager.googleapis.com/v1/projects/qode-assignment:testIamPermissions [none]
[debug] [2023-08-25T10:08:09.579Z] >>> [apiv2][(partial)header] POST https://cloudresourcemanager.googleapis.com/v1/projects/qode-assignment:testIamPermissions x-goog-quota-user=projects/qode-assignment
[debug] [2023-08-25T10:08:09.580Z] >>> [apiv2][body] POST https://cloudresourcemanager.googleapis.com/v1/projects/qode-assignment:testIamPermissions {"permissions":["cloudfunctions.functions.create","cloudfunctions.functions.delete","cloudfunctions.functions.get","cloudfunctions.functions.list","cloudfunctions.functions.update","cloudfunctions.operations.get","firebase.projects.get"]}
[debug] [2023-08-25T10:08:12.186Z] <<< [apiv2][status] POST https://cloudresourcemanager.googleapis.com/v1/projects/qode-assignment:testIamPermissions 200
[debug] [2023-08-25T10:08:12.186Z] <<< [apiv2][body] POST https://cloudresourcemanager.googleapis.com/v1/projects/qode-assignment:testIamPermissions {}
[debug] [2023-08-25T10:08:12.186Z] [iam] error while checking permissions, command may fail: FirebaseError: Authorization failed. This account is missing the following required permissions on project qode-assignment:

  cloudfunctions.functions.create
  cloudfunctions.functions.delete
  cloudfunctions.functions.get
  cloudfunctions.functions.list
  cloudfunctions.functions.update
  cloudfunctions.operations.get
  firebase.projects.get
[debug] [2023-08-25T10:08:12.187Z] >>> [apiv2][query] POST https://iam.googleapis.com/v1/projects/qode-assignment/serviceAccounts/qode-assignment@appspot.gserviceaccount.com:testIamPermissions [none]
[debug] [2023-08-25T10:08:12.187Z] >>> [apiv2][body] POST https://iam.googleapis.com/v1/projects/qode-assignment/serviceAccounts/qode-assignment@appspot.gserviceaccount.com:testIamPermissions {"permissions":["iam.serviceAccounts.actAs"]}
[debug] [2023-08-25T10:08:13.810Z] <<< [apiv2][status] POST https://iam.googleapis.com/v1/projects/qode-assignment/serviceAccounts/qode-assignment@appspot.gserviceaccount.com:testIamPermissions 404
[debug] [2023-08-25T10:08:13.810Z] <<< [apiv2][body] POST https://iam.googleapis.com/v1/projects/qode-assignment/serviceAccounts/qode-assignment@appspot.gserviceaccount.com:testIamPermissions {"error":{"code":404,"message":"Unknown service account","status":"NOT_FOUND"}}
[debug] [2023-08-25T10:08:13.810Z] [functions] service account IAM check errored, deploy may fail: HTTP Error: 404, Unknown service account {"name":"FirebaseError","children":[],"context":{"body":{"error":{"code":404,"message":"Unknown service account","status":"NOT_FOUND"}},"response":{"statusCode":404}},"exit":1,"message":"HTTP Error: 404, Unknown service account","status":404}
[info] 
[info] === Deploying to 'qode-assignment'...
[info] 
[info] i  deploying functions 
[debug] [2023-08-25T10:08:13.815Z] >>> [apiv2][query] GET https://firebase.googleapis.com/v1beta1/projects/qode-assignment [none]
[debug] [2023-08-25T10:08:15.627Z] <<< [apiv2][status] GET https://firebase.googleapis.com/v1beta1/projects/qode-assignment 403
[debug] [2023-08-25T10:08:15.628Z] <<< [apiv2][body] GET https://firebase.googleapis.com/v1beta1/projects/qode-assignment {"error":{"code":403,"message":"The caller does not have permission","status":"PERMISSION_DENIED"}}
[debug] [2023-08-25T10:08:15.628Z] HTTP Error: 403, The caller does not have permission
[debug] [2023-08-25T10:08:15.840Z] FirebaseError: HTTP Error: 403, The caller does not have permission
    at responseToError (/usr/local/lib/node_modules/firebase-tools/lib/responseToError.js:49:12)
    at RetryOperation._fn (/usr/local/lib/node_modules/firebase-tools/lib/apiv2.js:285:77)
    at process.processTicksAndRejections (node:internal/process/task_queues:95:5)
[error] 
[error] Error: Failed to get Firebase project qode-assignment. Please make sure the project exists and your account has permission to access it.
